# JRE version: OpenJDK Runtime Environment Temurin-17.0.4+8 (17.0.4+8) (build 17.0.4+8)
# Java VM: OpenJDK 64-Bit Server VM Temurin-17.0.4+8 (17.0.4+8, mixed mode, emulated-client, tiered, compressed oops, compressed class ptrs, g1 gc, windows-amd64)
GC Precious Log:
 CPUs: 2 total, 2 available
 Memory: 8190M
 Large Page Support: Disabled
 NUMA Support: Disabled
 Compressed Oops: Enabled (32-bit)
 Heap Region Size: 1M
 Heap Min Capacity: 8M
 Heap Initial Capacity: 128M
 Heap Max Capacity: 2G
 Pre-touch: Disabled
 Parallel Workers: 2
 Concurrent Workers: 1
 Concurrent Refinement Workers: 2
 Periodic GC: Disabled
Heap:
 garbage-first heap   total 70656K, used 24129K [0x0000000080000000, 0x0000000100000000)
  region size 1024K, 3 young (3072K), 3 survivors (3072K)
 Metaspace       used 40129K, committed 40512K, reserved 1089536K
  class space    used 5126K, committed 5312K, reserved 1048576K
GC Heap History (20 events):
Event: 2.932 GC heap after
{Heap after GC invocations=7 (full 0):
 garbage-first heap   total 34816K, used 9830K [0x0000000080000000, 0x0000000100000000)
  region size 1024K, 3 young (3072K), 3 survivors (3072K)
 Metaspace       used 25459K, committed 25728K, reserved 1073152K
  class space    used 3000K, committed 3136K, reserved 1048576K
}
Event: 2.955 GC heap before
{Heap before GC invocations=7 (full 0):
 garbage-first heap   total 34816K, used 10854K [0x0000000080000000, 0x0000000100000000)
  region size 1024K, 4 young (4096K), 3 survivors (3072K)
 Metaspace       used 25698K, committed 25920K, reserved 1073152K
  class space    used 3040K, committed 3136K, reserved 1048576K
}
Event: 2.964 GC heap after
{Heap after GC invocations=8 (full 0):
 garbage-first heap   total 41984K, used 9963K [0x0000000080000000, 0x0000000100000000)
  region size 1024K, 1 young (1024K), 1 survivors (1024K)
 Metaspace       used 25698K, committed 25920K, reserved 1073152K
  class space    used 3040K, committed 3136K, reserved 1048576K
}
Event: 3.532 GC heap before
{Heap before GC invocations=8 (full 0):
 garbage-first heap   total 41984K, used 28395K [0x0000000080000000, 0x0000000100000000)
  region size 1024K, 19 young (19456K), 1 survivors (1024K)
 Metaspace       used 27862K, committed 28160K, reserved 1081344K
  class space    used 3304K, committed 3456K, reserved 1048576K
}
Event: 3.539 GC heap after
{Heap after GC invocations=9 (full 0):
 garbage-first heap   total 41984K, used 11374K [0x0000000080000000, 0x0000000100000000)
  region size 1024K, 2 young (2048K), 2 survivors (2048K)
 Metaspace       used 27862K, committed 28160K, reserved 1081344K
  class space    used 3304K, committed 3456K, reserved 1048576K
}
Event: 3.943 GC heap before
{Heap before GC invocations=9 (full 0):
 garbage-first heap   total 41984K, used 27758K [0x0000000080000000, 0x0000000100000000)
  region size 1024K, 19 young (19456K), 2 survivors (2048K)
 Metaspace       used 29103K, committed 29440K, reserved 1081344K
  class space    used 3507K, committed 3712K, reserved 1048576K
}
Event: 3.951 GC heap after
{Heap after GC invocations=10 (full 0):
 garbage-first heap   total 41984K, used 12144K [0x0000000080000000, 0x0000000100000000)
  region size 1024K, 2 young (2048K), 2 survivors (2048K)
 Metaspace       used 29103K, committed 29440K, reserved 1081344K
  class space    used 3507K, committed 3712K, reserved 1048576K
}
Event: 4.407 GC heap before
{Heap before GC invocations=10 (full 0):
 garbage-first heap   total 41984K, used 28528K [0x0000000080000000, 0x0000000100000000)
  region size 1024K, 19 young (19456K), 2 survivors (2048K)
 Metaspace       used 31416K, committed 31808K, reserved 1081344K
  class space    used 3840K, committed 4032K, reserved 1048576K
}
Event: 4.415 GC heap after
{Heap after GC invocations=11 (full 0):
 garbage-first heap   total 41984K, used 13369K [0x0000000080000000, 0x0000000100000000)
  region size 1024K, 3 young (3072K), 3 survivors (3072K)
 Metaspace       used 31416K, committed 31808K, reserved 1081344K
  class space    used 3840K, committed 4032K, reserved 1048576K
}
Event: 4.813 GC heap before
{Heap before GC invocations=11 (full 0):
 garbage-first heap   total 41984K, used 30777K [0x0000000080000000, 0x0000000100000000)
  region size 1024K, 20 young (20480K), 3 survivors (3072K)
 Metaspace       used 33426K, committed 33728K, reserved 1081344K
  class space    used 4161K, committed 4288K, reserved 1048576K
}
Event: 4.827 GC heap after
{Heap after GC invocations=12 (full 0):
 garbage-first heap   total 80896K, used 15412K [0x0000000080000000, 0x0000000100000000)
  region size 1024K, 3 young (3072K), 3 survivors (3072K)
 Metaspace       used 33426K, committed 33728K, reserved 1081344K
  class space    used 4161K, committed 4288K, reserved 1048576K
}
Event: 5.013 GC heap before
{Heap before GC invocations=12 (full 0):
 garbage-first heap   total 80896K, used 24628K [0x0000000080000000, 0x0000000100000000)
  region size 1024K, 13 young (13312K), 3 survivors (3072K)
 Metaspace       used 35628K, committed 35968K, reserved 1081344K
  class space    used 4391K, committed 4544K, reserved 1048576K
}
Event: 5.027 GC heap after
{Heap after GC invocations=13 (full 0):
 garbage-first heap   total 80896K, used 17460K [0x0000000080000000, 0x0000000100000000)
  region size 1024K, 5 young (5120K), 5 survivors (5120K)
 Metaspace       used 35628K, committed 35968K, reserved 1081344K
  class space    used 4391K, committed 4544K, reserved 1048576K
}
Event: 5.856 GC heap before
{Heap before GC invocations=14 (full 0):
 garbage-first heap   total 61440K, used 52276K [0x0000000080000000, 0x0000000100000000)
  region size 1024K, 32 young (32768K), 5 survivors (5120K)
 Metaspace       used 36508K, committed 36928K, reserved 1081344K
  class space    used 4485K, committed 4672K, reserved 1048576K
}
Event: 5.875 GC heap after
{Heap after GC invocations=15 (full 0):
 garbage-first heap   total 62464K, used 21517K [0x0000000080000000, 0x0000000100000000)
  region size 1024K, 5 young (5120K), 5 survivors (5120K)
 Metaspace       used 36508K, committed 36928K, reserved 1081344K
  class space    used 4485K, committed 4672K, reserved 1048576K
}
Event: 5.878 GC heap before
{Heap before GC invocations=15 (full 0):
 garbage-first heap   total 62464K, used 22541K [0x0000000080000000, 0x0000000100000000)
  region size 1024K, 6 young (6144K), 5 survivors (5120K)
 Metaspace       used 36508K, committed 36928K, reserved 1081344K
  class space    used 4485K, committed 4672K, reserved 1048576K
}
Event: 5.885 GC heap after
{Heap after GC invocations=16 (full 0):
 garbage-first heap   total 62464K, used 20439K [0x0000000080000000, 0x0000000100000000)
  region size 1024K, 1 young (1024K), 1 survivors (1024K)
 Metaspace       used 36508K, committed 36928K, reserved 1081344K
  class space    used 4485K, committed 4672K, reserved 1048576K
}
Event: 6.343 GC heap before
{Heap before GC invocations=16 (full 0):
 garbage-first heap   total 62464K, used 43991K [0x0000000080000000, 0x0000000100000000)
  region size 1024K, 23 young (23552K), 1 survivors (1024K)
 Metaspace       used 38016K, committed 38400K, reserved 1089536K
  class space    used 4702K, committed 4864K, reserved 1048576K
}
Event: 6.352 GC heap after
{Heap after GC invocations=17 (full 0):
 garbage-first heap   total 62464K, used 21773K [0x0000000080000000, 0x0000000100000000)
  region size 1024K, 3 young (3072K), 3 survivors (3072K)
 Metaspace       used 38016K, committed 38400K, reserved 1089536K
  class space    used 4702K, committed 4864K, reserved 1048576K
}
Event: 6.884 GC heap before
{Heap before GC invocations=17 (full 0):
 garbage-first heap   total 62464K, used 44301K [0x0000000080000000, 0x0000000100000000)
  region size 1024K, 25 young (25600K), 3 survivors (3072K)
 Metaspace       used 40129K, committed 40512K, reserved 1089536K
  class space    used 5126K, committed 5312K, reserved 1048576K
}

